
           Lattice Mapping Report File for Design Module 'decode38'


Design Information
------------------

Command line:   map -a MachXO2 -p LCMXO2-4000HC -t CSBGA132 -s 4 -oc Commercial
     decoder38_impl1.ngd -o decoder38_impl1_map.ncd -pr decoder38_impl1.prf -mp
     decoder38_impl1.mrp -lpf
     D:/code/fpga/lattice/decoder38/impl1/decoder38_impl1.lpf -lpf
     D:/code/fpga/lattice/decoder38/decoder38.lpf -c 0 -gui 
Target Vendor:  LATTICE
Target Device:  LCMXO2-4000HCCSBGA132
Target Performance:   4
Mapper:  xo2c00,  version:  Diamond (64-bit) 3.10.0.111.2
Mapped on:  04/27/19  18:06:11

Design Summary
--------------

   Number of registers:      8 out of  4635 (0%)
      PFU registers:            8 out of  4320 (0%)
      PIO registers:            0 out of   315 (0%)
   Number of SLICEs:         4 out of  2160 (0%)
      SLICEs as Logic/ROM:      4 out of  2160 (0%)
      SLICEs as RAM:            0 out of  1620 (0%)
      SLICEs as Carry:          0 out of  2160 (0%)
   Number of LUT4s:          8 out of  4320 (0%)
      Number used as logic LUTs:          8
      Number used as distributed RAM:     0
      Number used as ripple logic:        0
      Number used as shift registers:     0
   Number of PIO sites used: 12 + 4(JTAG) out of 105 (15%)
   Number of block RAMs:  0 out of 10 (0%)
   Number of GSRs:  0 out of 1 (0%)
   EFB used :       No
   JTAG used :      No
   Readback used :  No
   Oscillator used :  No
   Startup used :   No
   POR :            On
   Bandgap :        On
   Number of Power Controller:  0 out of 1 (0%)
   Number of Dynamic Bank Controller (BCINRD):  0 out of 6 (0%)
   Number of Dynamic Bank Controller (BCLVDSO):  0 out of 1 (0%)
   Number of DCCA:  0 out of 8 (0%)
   Number of DCMA:  0 out of 2 (0%)
   Number of PLLs:  0 out of 2 (0%)
   Number of DQSDLLs:  0 out of 2 (0%)
   Number of CLKDIVC:  0 out of 4 (0%)
   Number of ECLKSYNCA:  0 out of 4 (0%)
   Number of ECLKBRIDGECS:  0 out of 2 (0%)
   Notes:-
      1. Total number of LUT4s = (Number of logic LUT4s) + 2*(Number of
     distributed RAMs) + 2*(Number of ripple logic)
      2. Number of logic LUT4s does not include count of distributed RAM and
     ripple logic.
   Number of clocks:  1
     Net key_c_0: 4 loads, 0 rising, 4 falling (Driver: PIO key[0] )
   Number of Clock Enables:  0
   Number of LSRs:  0

                                    Page 1




Design:  decode38                                      Date:  04/27/19  18:06:11

Design Summary (cont)
---------------------
   Number of nets driven by tri-state buffers:  0
   Top 10 highest fanout non-clock nets:
     Net sw_c_0: 8 loads
     Net sw_c_1: 8 loads
     Net sw_c_2: 8 loads
     Net led_7_N_1_0: 1 loads
     Net led_7_N_1_1: 1 loads
     Net led_7_N_1_2: 1 loads
     Net led_7_N_1_5: 1 loads
     Net led_7_N_1_7: 1 loads
     Net led_c_0: 1 loads
     Net led_c_7: 1 loads




   Number of warnings:  0
   Number of errors:    0
     

Design Errors/Warnings
----------------------

   No errors or warnings present.

IO (PIO) Attributes
-------------------

+---------------------+-----------+-----------+------------+
| IO Name             | Direction | Levelmode | IO         |
|                     |           |  IO_TYPE  | Register   |
+---------------------+-----------+-----------+------------+
| sw[0]               | INPUT     | LVCMOS25  |            |
+---------------------+-----------+-----------+------------+
| sw[1]               | INPUT     | LVCMOS25  |            |
+---------------------+-----------+-----------+------------+
| sw[2]               | INPUT     | LVCMOS25  |            |
+---------------------+-----------+-----------+------------+
| key[0]              | INPUT     | LVCMOS25  |            |
+---------------------+-----------+-----------+------------+
| led[0]              | OUTPUT    | LVCMOS25  |            |
+---------------------+-----------+-----------+------------+
| led[1]              | OUTPUT    | LVCMOS25  |            |
+---------------------+-----------+-----------+------------+
| led[2]              | OUTPUT    | LVCMOS25  |            |
+---------------------+-----------+-----------+------------+
| led[3]              | OUTPUT    | LVCMOS25  |            |
+---------------------+-----------+-----------+------------+
| led[4]              | OUTPUT    | LVCMOS25  |            |
+---------------------+-----------+-----------+------------+
| led[5]              | OUTPUT    | LVCMOS25  |            |
+---------------------+-----------+-----------+------------+
| led[6]              | OUTPUT    | LVCMOS25  |            |
+---------------------+-----------+-----------+------------+
| led[7]              | OUTPUT    | LVCMOS25  |            |
+---------------------+-----------+-----------+------------+

                                    Page 2




Design:  decode38                                      Date:  04/27/19  18:06:11


Removed logic
-------------

Block i51 undriven or does not drive anything - clipped.
Block GSR_INST undriven or does not drive anything - clipped.
Block i89 undriven or does not drive anything - clipped.
Signal key_0__N_10 was merged into signal key_c_0
Signal VCC_net undriven or does not drive anything - clipped.
Signal GND_net undriven or does not drive anything - clipped.
Block i90 was optimized away.

Memory Usage
------------


     

Run Time and Memory Usage
-------------------------

   Total CPU Time: 0 secs  
   Total REAL Time: 0 secs  
   Peak Memory Usage: 48 MB
        


































                                    Page 3


Copyright (c) 1991-1994 by NeoCAD Inc. All rights reserved.
     Copyright (c) 1995 AT&T Corp.   All rights reserved.
     Copyright (c) 1995-2001 Lucent Technologies Inc.  All rights reserved.
     Copyright (c) 2001 Agere Systems   All rights reserved.
     Copyright (c) 2002-2017 Lattice Semiconductor Corporation,  All rights
     reserved.
