
             Lattice Mapping Report File for Design Module 'led'


Design Information
------------------

Command line:   map -a MachXO2 -p LCMXO2-4000HC -t CSBGA132 -s 4 -oc Commercial
     led_impl1.ngd -o led_impl1_map.ncd -pr led_impl1.prf -mp led_impl1.mrp -lpf
     D:/code/fpga/lattice/led2/impl1/led_impl1.lpf -lpf
     D:/code/fpga/lattice/led2/led.lpf -c 0 -gui -msgset
     D:/code/fpga/lattice/led2/promote.xml 
Target Vendor:  LATTICE
Target Device:  LCMXO2-4000HCCSBGA132
Target Performance:   4
Mapper:  xo2c00,  version:  Diamond (64-bit) 3.10.0.111.2
Mapped on:  04/27/19  17:43:14

Design Summary
--------------

   Number of registers:      0 out of  4635 (0%)
      PFU registers:            0 out of  4320 (0%)
      PIO registers:            0 out of   315 (0%)
   Number of SLICEs:         3 out of  2160 (0%)
      SLICEs as Logic/ROM:      3 out of  2160 (0%)
      SLICEs as RAM:            0 out of  1620 (0%)
      SLICEs as Carry:          0 out of  2160 (0%)
   Number of LUT4s:          3 out of  4320 (0%)
      Number used as logic LUTs:          3
      Number used as distributed RAM:     0
      Number used as ripple logic:        0
      Number used as shift registers:     0
   Number of PIO sites used: 12 + 4(JTAG) out of 105 (15%)
   Number of block RAMs:  0 out of 10 (0%)
   Number of GSRs:  0 out of 1 (0%)
   EFB used :       No
   JTAG used :      No
   Readback used :  No
   Oscillator used :  No
   Startup used :   No
   POR :            On
   Bandgap :        On
   Number of Power Controller:  0 out of 1 (0%)
   Number of Dynamic Bank Controller (BCINRD):  0 out of 6 (0%)
   Number of Dynamic Bank Controller (BCLVDSO):  0 out of 1 (0%)
   Number of DCCA:  0 out of 8 (0%)
   Number of DCMA:  0 out of 2 (0%)
   Number of PLLs:  0 out of 2 (0%)
   Number of DQSDLLs:  0 out of 2 (0%)
   Number of CLKDIVC:  0 out of 4 (0%)
   Number of ECLKSYNCA:  0 out of 4 (0%)
   Number of ECLKBRIDGECS:  0 out of 2 (0%)
   Notes:-
      1. Total number of LUT4s = (Number of logic LUT4s) + 2*(Number of
     distributed RAMs) + 2*(Number of ripple logic)
      2. Number of logic LUT4s does not include count of distributed RAM and
     ripple logic.
   Number of clocks:  0
   Number of Clock Enables:  0
   Number of LSRs:  0
   Number of nets driven by tri-state buffers:  0

                                    Page 1




Design:  led                                           Date:  04/27/19  17:43:14

Design Summary (cont)
---------------------
   Top 10 highest fanout non-clock nets:
     Net led1_c_0_c: 1 loads
     Net led1_c_1_c: 1 loads
     Net led1_c_2_c: 1 loads
     Net led2_c_0: 1 loads
     Net led2_c_1: 1 loads
     Net led2_c_2: 1 loads
     Net sw_c_0: 1 loads
     Net sw_c_1: 1 loads
     Net sw_c_2: 1 loads




   Number of warnings:  10
   Number of errors:    0
     

Design Errors/Warnings
----------------------

WARNING - map: D:/code/fpga/lattice/led2/led.lpf(6): Semantic error in "LOCATE
     COMP "key[3]" SITE "N14" ;": COMP "key[3]" cannot be found in design. This
     preference has been disabled.
WARNING - map: D:/code/fpga/lattice/led2/led.lpf(7): Semantic error in "LOCATE
     COMP "led[0]" SITE "N13" ;": COMP "led[0]" cannot be found in design. This
     preference has been disabled.
WARNING - map: D:/code/fpga/lattice/led2/led.lpf(8): Semantic error in "LOCATE
     COMP "led[1]" SITE "M12" ;": COMP "led[1]" cannot be found in design. This
     preference has been disabled.
WARNING - map: D:/code/fpga/lattice/led2/led.lpf(9): Semantic error in "LOCATE
     COMP "led[2]" SITE "P12" ;": COMP "led[2]" cannot be found in design. This
     preference has been disabled.
WARNING - map: D:/code/fpga/lattice/led2/led.lpf(10): Semantic error in "LOCATE
     COMP "led[3]" SITE "M11" ;": COMP "led[3]" cannot be found in design. This
     preference has been disabled.
WARNING - map: D:/code/fpga/lattice/led2/led.lpf(11): Semantic error in "LOCATE
     COMP "led[4]" SITE "P11" ;": COMP "led[4]" cannot be found in design. This
     preference has been disabled.
WARNING - map: D:/code/fpga/lattice/led2/led.lpf(12): Semantic error in "LOCATE
     COMP "led[5]" SITE "N10" ;": COMP "led[5]" cannot be found in design. This
     preference has been disabled.
WARNING - map: D:/code/fpga/lattice/led2/led.lpf(13): Semantic error in "LOCATE
     COMP "led[6]" SITE "N9" ;": COMP "led[6]" cannot be found in design. This
     preference has been disabled.
WARNING - map: D:/code/fpga/lattice/led2/led.lpf(14): Semantic error in "LOCATE
     COMP "led[7]" SITE "P9" ;": COMP "led[7]" cannot be found in design. This
     preference has been disabled.
WARNING - map: D:/code/fpga/lattice/led2/led.lpf(18): Semantic error in "LOCATE
     COMP "sw[3]" SITE "M10" ;": COMP "sw[3]" cannot be found in design. This
     preference has been disabled.

IO (PIO) Attributes
-------------------

+---------------------+-----------+-----------+------------+

                                    Page 2




Design:  led                                           Date:  04/27/19  17:43:14

IO (PIO) Attributes (cont)
--------------------------
| IO Name             | Direction | Levelmode | IO         |
|                     |           |  IO_TYPE  | Register   |
+---------------------+-----------+-----------+------------+
| led1[2]             | OUTPUT    | LVCMOS25  |            |
+---------------------+-----------+-----------+------------+
| led1[1]             | OUTPUT    | LVCMOS25  |            |
+---------------------+-----------+-----------+------------+
| led1[0]             | OUTPUT    | LVCMOS25  |            |
+---------------------+-----------+-----------+------------+
| led2[2]             | OUTPUT    | LVCMOS25  |            |
+---------------------+-----------+-----------+------------+
| led2[1]             | OUTPUT    | LVCMOS25  |            |
+---------------------+-----------+-----------+------------+
| led2[0]             | OUTPUT    | LVCMOS25  |            |
+---------------------+-----------+-----------+------------+
| key[2]              | INPUT     | LVCMOS25  |            |
+---------------------+-----------+-----------+------------+
| key[1]              | INPUT     | LVCMOS25  |            |
+---------------------+-----------+-----------+------------+
| key[0]              | INPUT     | LVCMOS25  |            |
+---------------------+-----------+-----------+------------+
| sw[2]               | INPUT     | LVCMOS25  |            |
+---------------------+-----------+-----------+------------+
| sw[1]               | INPUT     | LVCMOS25  |            |
+---------------------+-----------+-----------+------------+
| sw[0]               | INPUT     | LVCMOS25  |            |
+---------------------+-----------+-----------+------------+

Removed logic
-------------

Block i22 undriven or does not drive anything - clipped.
Block GSR_INST undriven or does not drive anything - clipped.
Block i26 undriven or does not drive anything - clipped.
Signal VCC_net undriven or does not drive anything - clipped.
Signal GND_net undriven or does not drive anything - clipped.

Memory Usage
------------


     

Run Time and Memory Usage
-------------------------

   Total CPU Time: 0 secs  
   Total REAL Time: 0 secs  
   Peak Memory Usage: 48 MB
        







                                    Page 3


Copyright (c) 1991-1994 by NeoCAD Inc. All rights reserved.
     Copyright (c) 1995 AT&T Corp.   All rights reserved.
     Copyright (c) 1995-2001 Lucent Technologies Inc.  All rights reserved.
     Copyright (c) 2001 Agere Systems   All rights reserved.
     Copyright (c) 2002-2017 Lattice Semiconductor Corporation,  All rights
     reserved.
