
Loading design for application trce from file led_impl1.ncd.
Design name: led
NCD version: 3.3
Vendor:      LATTICE
Device:      LCMXO2-4000HC
Package:     CSBGA132
Performance: 4
Loading device for application trce from file 'xo2c4000.nph' in environment: C:/lscc/diamond/3.10_x64/ispfpga.
Package Status:                     Final          Version 1.44.
Performance Hardware Data Status:   Final          Version 34.4.
Setup and Hold Report

--------------------------------------------------------------------------------
Lattice TRACE Report - Setup, Version Diamond (64-bit) 3.10.0.111.2
Sat Apr 20 23:52:44 2019

Copyright (c) 1991-1994 by NeoCAD Inc. All rights reserved.
Copyright (c) 1995 AT&T Corp.   All rights reserved.
Copyright (c) 1995-2001 Lucent Technologies Inc.  All rights reserved.
Copyright (c) 2001 Agere Systems   All rights reserved.
Copyright (c) 2002-2017 Lattice Semiconductor Corporation,  All rights reserved.

Report Information
------------------
Command line:    trce -v 10 -gt -sethld -sp 4 -sphld m -o led_impl1.twr -gui led_impl1.ncd led_impl1.prf 
Design file:     led_impl1.ncd
Preference file: led_impl1.prf
Device,speed:    LCMXO2-4000HC,4
Report level:    verbose report, limited to 10 items per preference
--------------------------------------------------------------------------------

BLOCK ASYNCPATHS
BLOCK RESETPATHS
--------------------------------------------------------------------------------



================================================================================
Preference: Default path enumeration
            8 items scored, 0 timing errors detected.
--------------------------------------------------------------------------------

Report:    8.479ns delay key[2] to led[4]

   Name    Fanout   Delay (ns)          Site               Resource
PADI_DEL    ---     1.372        M14.PAD to      M14.PADDI key[2]
ROUTE         2     3.659      M14.PADDI to      P11.PADDO n3_c
DOPAD_DEL   ---     3.448      P11.PADDO to        P11.PAD led[4]
                  --------
                    8.479   (56.8% logic, 43.2% route), 2 logic levels.

Report:    7.625ns delay key[2] to led[5]

   Name    Fanout   Delay (ns)          Site               Resource
PADI_DEL    ---     1.372        M14.PAD to      M14.PADDI key[2]
ROUTE         2     2.805      M14.PADDI to      N10.PADDO n3_c
DOPAD_DEL   ---     3.448      N10.PADDO to        N10.PAD led[5]
                  --------
                    7.625   (63.2% logic, 36.8% route), 2 logic levels.

Report:    7.625ns delay key[3] to led[6]

   Name    Fanout   Delay (ns)          Site               Resource
PADI_DEL    ---     1.372        N14.PAD to      N14.PADDI key[3]
ROUTE         2     2.805      N14.PADDI to       N9.PADDO led_c_c
DOPAD_DEL   ---     3.448       N9.PADDO to         N9.PAD led[6]
                  --------
                    7.625   (63.2% logic, 36.8% route), 2 logic levels.

Report:    7.625ns delay key[3] to led[7]

   Name    Fanout   Delay (ns)          Site               Resource
PADI_DEL    ---     1.372        N14.PAD to      N14.PADDI key[3]
ROUTE         2     2.805      N14.PADDI to       P9.PADDO led_c_c
DOPAD_DEL   ---     3.448       P9.PADDO to         P9.PAD led[7]
                  --------
                    7.625   (63.2% logic, 36.8% route), 2 logic levels.

Report:    7.074ns delay key[1] to led[2]

   Name    Fanout   Delay (ns)          Site               Resource
PADI_DEL    ---     1.372        M13.PAD to      M13.PADDI key[1]
ROUTE         2     2.254      M13.PADDI to      P12.PADDO n5_c
DOPAD_DEL   ---     3.448      P12.PADDO to        P12.PAD led[2]
                  --------
                    7.074   (68.1% logic, 31.9% route), 2 logic levels.

Report:    7.074ns delay key[1] to led[3]

   Name    Fanout   Delay (ns)          Site               Resource
PADI_DEL    ---     1.372        M13.PAD to      M13.PADDI key[1]
ROUTE         2     2.254      M13.PADDI to      M11.PADDO n5_c
DOPAD_DEL   ---     3.448      M11.PADDO to        M11.PAD led[3]
                  --------
                    7.074   (68.1% logic, 31.9% route), 2 logic levels.

Report:    6.706ns delay key[0] to led[0]

   Name    Fanout   Delay (ns)          Site               Resource
PADI_DEL    ---     1.372        L14.PAD to      L14.PADDI key[0]
ROUTE         2     1.886      L14.PADDI to      N13.PADDO n7_c
DOPAD_DEL   ---     3.448      N13.PADDO to        N13.PAD led[0]
                  --------
                    6.706   (71.9% logic, 28.1% route), 2 logic levels.

Report:    6.676ns delay key[0] to led[1]

   Name    Fanout   Delay (ns)          Site               Resource
PADI_DEL    ---     1.372        L14.PAD to      L14.PADDI key[0]
ROUTE         2     1.856      L14.PADDI to      M12.PADDO n7_c
DOPAD_DEL   ---     3.448      M12.PADDO to        M12.PAD led[1]
                  --------
                    6.676   (72.2% logic, 27.8% route), 2 logic levels.

Report:    8.479ns is the maximum delay for this preference.


================================================================================
Preference: Default net enumeration
            4 items scored, 0 timing errors detected.
--------------------------------------------------------------------------------

Report:    3.659ns maximum delay on n3_c

           Delays             Connection(s)
           3.659ns        M14.PADDI to P11.PADDO       
           2.805ns        M14.PADDI to N10.PADDO       

Report:    2.805ns maximum delay on led_c_c

           Delays             Connection(s)
           2.805ns        N14.PADDI to N9.PADDO        
           2.805ns        N14.PADDI to P9.PADDO        

Report:    2.254ns maximum delay on n5_c

           Delays             Connection(s)
           2.254ns        M13.PADDI to P12.PADDO       
           2.254ns        M13.PADDI to M11.PADDO       

Report:    1.886ns maximum delay on n7_c

           Delays             Connection(s)
           1.886ns        L14.PADDI to N13.PADDO       
           1.856ns        L14.PADDI to M12.PADDO       

Report:    3.659ns is the maximum delay for this preference.

Report Summary
--------------
----------------------------------------------------------------------------
Preference                              |   Constraint|       Actual|Levels
----------------------------------------------------------------------------
                                        |             |             |
Default path enumeration                |     0.000 ns|     8.479 ns|   0  
                                        |             |             |
Default net enumeration                 |     0.000 ns|     3.659 ns|   0  
                                        |             |             |
----------------------------------------------------------------------------


All preferences were met.


Clock Domains Analysis
------------------------

Found 0 clocks:


Timing summary (Setup):
---------------

Timing errors: 0  Score: 0
Cumulative negative slack: 0

Constraints cover 8 paths, 4 nets, and 8 connections (100.00% coverage)

--------------------------------------------------------------------------------

