Results of NGD DRC are available in led_drc.log.
Loading NGL library 'C:/lscc/diamond/3.10_x64/ispfpga/xo2c00a/data/xo2alib.ngl'...
Loading NGL library 'C:/lscc/diamond/3.10_x64/ispfpga/xo2c00/data/xo2clib.ngl'...
Loading NGL library 'C:/lscc/diamond/3.10_x64/ispfpga/mg5g00/data/mg5glib.ngl'...
Loading NGL library 'C:/lscc/diamond/3.10_x64/ispfpga/or5g00/data/orc5glib.ngl'...


Running DRC...

WARNING - synthesis: logical net 'sw[3]' has no load.
WARNING - synthesis: input pad net 'sw[3]' has no legal load.
WARNING - synthesis: logical net 'sw[2]' has no load.
WARNING - synthesis: input pad net 'sw[2]' has no legal load.
WARNING - synthesis: logical net 'sw[1]' has no load.
WARNING - synthesis: input pad net 'sw[1]' has no legal load.
WARNING - synthesis: logical net 'sw[0]' has no load.
WARNING - synthesis: input pad net 'sw[0]' has no legal load.
WARNING - synthesis: logical net 'GND_net' has no load.
WARNING - synthesis: DRC complete with 9 warnings.

Design Results:
     16 blocks expanded
completed the first expansion
All blocks are expanded and NGD expansion is successful.
Writing NGD file led_impl1.ngd.
