
synthesis -f "led_flow_impl1_lattice.synproj"
synthesis:  version Diamond (64-bit) 3.10.0.111.2

Copyright (c) 1991-1994 by NeoCAD Inc. All rights reserved.
Copyright (c) 1995 AT&T Corp.   All rights reserved.
Copyright (c) 1995-2001 Lucent Technologies Inc.  All rights reserved.
Copyright (c) 2001 Agere Systems   All rights reserved.
Copyright (c) 2002-2017 Lattice Semiconductor Corporation,  All rights reserved.
Sat May 04 22:34:24 2019


Command Line:  synthesis -f led_flow_impl1_lattice.synproj -gui 

    <postMsg mid="35002000" type="Info"    dynamic="0" navigation="0"  />
Synthesis options:
The -a option is MachXO2.
The -s option is 4.
The -t option is CSBGA132.
The -d option is LCMXO2-4000HC.
Using package CSBGA132.
Using performance grade 4.
                                                          

##########################################################

### Lattice Family : MachXO2

### Device  : LCMXO2-4000HC

### Package : CSBGA132

### Speed   : 4

##########################################################

                                                          

    <postMsg mid="35001781" type="Info"    dynamic="0" navigation="0"  />
Optimization goal = Balanced
Top-level module name = led_flow.
Target frequency = 200.000000 MHz.
Maximum fanout = 1000.
Timing path count = 3
BRAM utilization = 100.000000 %
DSP usage = true
DSP utilization = 100.000000 %
fsm_encoding_style = auto
resolve_mixed_drivers = 0
fix_gated_clocks = 1

Mux style = Auto
Use Carry Chain = true
carry_chain_length = 0
Loop Limit = 1950.
Use IO Insertion = TRUE
Use IO Reg = AUTO

Resource Sharing = TRUE
Propagate Constants = TRUE
Remove Duplicate Registers = TRUE
force_gsr = auto
ROM style = auto
RAM style = auto
The -comp option is FALSE.
The -syn option is FALSE.
-p D:/code/fpga/lattice/led_flow (searchpath added)
-p C:/lscc/diamond/3.10_x64/ispfpga/xo2c00/data (searchpath added)
-p D:/code/fpga/lattice/led_flow/impl1 (searchpath added)
-p D:/code/fpga/lattice/led_flow (searchpath added)
Verilog design file = D:/code/fpga/lattice/led_flow/led_flow.v
NGD file = led_flow_impl1.ngd
-sdc option: SDC file input not used.
-lpf option: Output file option is ON.
Hardtimer checking is enabled (default). The -dt option is not used.
The -r option is OFF. [ Remove LOC Properties is OFF. ]
Technology check ok...

Analyzing Verilog file C:/lscc/diamond/3.10_x64/ispfpga/userware/NT/SYNTHESIS_HEADERS/machxo2.v. VERI-1482
Compile design.
Compile Design Begin
Analyzing Verilog file d:/code/fpga/lattice/led_flow/led_flow.v. VERI-1482
Analyzing Verilog file C:/lscc/diamond/3.10_x64/ispfpga/userware/NT/SYNTHESIS_HEADERS/machxo2.v. VERI-1482
Top module name (Verilog): led_flow
    <postMsg mid="35901018" type="Info"    dynamic="2" navigation="2" arg0="d:/code/fpga/lattice/led_flow/led_flow.v(1): " arg1="led_flow" arg2="d:/code/fpga/lattice/led_flow/led_flow.v" arg3="1"  />
Last elaborated design is led_flow()
Loading NGL library 'C:/lscc/diamond/3.10_x64/ispfpga/xo2c00a/data/xo2alib.ngl'...
Loading NGL library 'C:/lscc/diamond/3.10_x64/ispfpga/xo2c00/data/xo2clib.ngl'...
Loading NGL library 'C:/lscc/diamond/3.10_x64/ispfpga/mg5g00/data/mg5glib.ngl'...
Loading NGL library 'C:/lscc/diamond/3.10_x64/ispfpga/or5g00/data/orc5glib.ngl'...
Loading device for application map from file 'xo2c4000.nph' in environment: C:/lscc/diamond/3.10_x64/ispfpga.
Package Status:                     Final          Version 1.44.
Top-level module name = led_flow.



GSR instance connected to net rst_c.
Applying 200.000000 MHz constraint to all clocks

    <postMsg mid="35001611" type="Warning" dynamic="0" navigation="0"  />
Results of NGD DRC are available in led_flow_drc.log.
Loading NGL library 'C:/lscc/diamond/3.10_x64/ispfpga/xo2c00a/data/xo2alib.ngl'...
Loading NGL library 'C:/lscc/diamond/3.10_x64/ispfpga/xo2c00/data/xo2clib.ngl'...
Loading NGL library 'C:/lscc/diamond/3.10_x64/ispfpga/mg5g00/data/mg5glib.ngl'...
Loading NGL library 'C:/lscc/diamond/3.10_x64/ispfpga/or5g00/data/orc5glib.ngl'...


Running DRC...

DRC complete with no errors or warnings

Design Results:
     98 blocks expanded
completed the first expansion
All blocks are expanded and NGD expansion is successful.
Writing NGD file led_flow_impl1.ngd.

################### Begin Area Report (led_flow)######################
Number of register bits => 40 of 4635 (0 % )
CCU2D => 30
FD1P3AX => 1
FD1P3AY => 7
FD1S3IX => 32
GSR => 1
IB => 2
LUT4 => 14
OB => 8
################### End Area Report ##################

################### Begin BlackBox Report ######################
TSALL => 1
################### End BlackBox Report ##################

################### Begin Clock Report ######################
Clock Nets
Number of Clocks: 1
  Net : clk_c, loads : 40
Clock Enable Nets
Number of Clock Enables: 1
Top 1 highest fanout Clock Enables:
  Net : clk_c_enable_8, loads : 8
Highest fanout non-clock nets
Top 10 highest fanout non-clock nets:
  Net : n208, loads : 32
  Net : clk_c_enable_8, loads : 8
  Net : counter_31, loads : 3
  Net : counter_30, loads : 3
  Net : counter_29, loads : 3
  Net : counter_28, loads : 3
  Net : counter_27, loads : 3
  Net : counter_26, loads : 3
  Net : counter_25, loads : 3
  Net : counter_24, loads : 3
################### End Clock Report ##################

Timing Report Summary
--------------
--------------------------------------------------------------------------------
Constraint                              |   Constraint|       Actual|Levels
--------------------------------------------------------------------------------
                                        |             |             |
create_clock -period 5.000000 -name     |             |             |
clk0 [get_nets clk_c]                   |  200.000 MHz|  101.906 MHz|     6 *
                                        |             |             |
--------------------------------------------------------------------------------


1 constraints not met.


Peak Memory Usage: 57.410  MB

--------------------------------------------------------------
Elapsed CPU time for LSE flow : 0.453  secs
--------------------------------------------------------------

map -a "MachXO2" -p LCMXO2-4000HC -t CSBGA132 -s 4 -oc Commercial   "led_flow_impl1.ngd" -o "led_flow_impl1_map.ncd" -pr "led_flow_impl1.prf" -mp "led_flow_impl1.mrp" -lpf "D:/code/fpga/lattice/led_flow/impl1/led_flow_impl1.lpf" -lpf "D:/code/fpga/lattice/led_flow/led_flow.lpf" -c 0            
map:  version Diamond (64-bit) 3.10.0.111.2

Copyright (c) 1991-1994 by NeoCAD Inc. All rights reserved.
Copyright (c) 1995 AT&T Corp.   All rights reserved.
Copyright (c) 1995-2001 Lucent Technologies Inc.  All rights reserved.
Copyright (c) 2001 Agere Systems   All rights reserved.
Copyright (c) 2002-2017 Lattice Semiconductor Corporation,  All rights reserved.
   Process the file: led_flow_impl1.ngd
   Picdevice="LCMXO2-4000HC"

   Pictype="CSBGA132"

   Picspeed=4

   Remove unused logic

   Do not produce over sized NCDs.

Part used: LCMXO2-4000HCCSBGA132, Performance used: 4.

Loading device for application map from file 'xo2c4000.nph' in environment: C:/lscc/diamond/3.10_x64/ispfpga.
Package Status:                     Final          Version 1.44.

Running general design DRC...

Removing unused logic...

Optimizing...




Design Summary:
   Number of registers:     40 out of  4635 (1%)
      PFU registers:           40 out of  4320 (1%)
      PIO registers:            0 out of   315 (0%)
   Number of SLICEs:        37 out of  2160 (2%)
      SLICEs as Logic/ROM:     37 out of  2160 (2%)
      SLICEs as RAM:            0 out of  1620 (0%)
      SLICEs as Carry:         30 out of  2160 (1%)
   Number of LUT4s:         74 out of  4320 (2%)
      Number used as logic LUTs:         14
      Number used as distributed RAM:     0
      Number used as ripple logic:       60
      Number used as shift registers:     0
   Number of PIO sites used: 10 + 4(JTAG) out of 105 (13%)
   Number of block RAMs:  0 out of 10 (0%)
   Number of GSRs:  1 out of 1 (100%)
   EFB used :       No
   JTAG used :      No
   Readback used :  No
   Oscillator used :  No
   Startup used :   No
   POR :            On
   Bandgap :        On
   Number of Power Controller:  0 out of 1 (0%)
   Number of Dynamic Bank Controller (BCINRD):  0 out of 6 (0%)
   Number of Dynamic Bank Controller (BCLVDSO):  0 out of 1 (0%)
   Number of DCCA:  0 out of 8 (0%)
   Number of DCMA:  0 out of 2 (0%)
   Number of PLLs:  0 out of 2 (0%)
   Number of DQSDLLs:  0 out of 2 (0%)
   Number of CLKDIVC:  0 out of 4 (0%)
   Number of ECLKSYNCA:  0 out of 4 (0%)
   Number of ECLKBRIDGECS:  0 out of 2 (0%)
   Notes:-
      1. Total number of LUT4s = (Number of logic LUT4s) + 2*(Number of distributed RAMs) + 2*(Number of ripple logic)
      2. Number of logic LUT4s does not include count of distributed RAM and ripple logic.
   Number of clocks:  1
     Net clk_c: 21 loads, 21 rising, 0 falling (Driver: PIO clk )
   Number of Clock Enables:  1
     Net clk_c_enable_8: 4 loads, 4 LSLICEs
   Number of LSRs:  1
     Net n208: 17 loads, 17 LSLICEs
   Number of nets driven by tri-state buffers:  0
   Top 10 highest fanout non-clock nets:
     Net n208: 17 loads
     Net clk_c_enable_8: 4 loads
     Net counter_14: 3 loads
     Net counter_16: 3 loads
     Net counter_18: 3 loads
     Net counter_19: 3 loads
     Net counter_22: 3 loads
     Net counter_25: 3 loads
     Net counter_6: 3 loads
     Net counter_9: 3 loads
 

   Number of warnings:  0
   Number of errors:    0



Total CPU Time: 0 secs  
Total REAL Time: 0 secs  
Peak Memory Usage: 49 MB

Dumping design to file led_flow_impl1_map.ncd.

ncd2vdb "led_flow_impl1_map.ncd" ".vdbs/led_flow_impl1_map.vdb"

Loading device for application ncd2vdb from file 'xo2c4000.nph' in environment: C:/lscc/diamond/3.10_x64/ispfpga.

mpartrce -p "led_flow_impl1.p2t" -f "led_flow_impl1.p3t" -tf "led_flow_impl1.pt" "led_flow_impl1_map.ncd" "led_flow_impl1.ncd"

---- MParTrce Tool ----
Removing old design directory at request of -rem command line option to this program.
Running par. Please wait . . .

Lattice Place and Route Report for Design "led_flow_impl1_map.ncd"
Sat May 04 22:34:26 2019

PAR: Place And Route Diamond (64-bit) 3.10.0.111.2.
Command Line: par -w -l 5 -i 6 -t 1 -c 0 -e 0 -gui -exp parUseNBR=1:parCDP=0:parCDR=0:parPathBased=OFF led_flow_impl1_map.ncd led_flow_impl1.dir/5_1.ncd led_flow_impl1.prf
Preference file: led_flow_impl1.prf.
Placement level-cost: 5-1.
Routing Iterations: 6

Loading design for application par from file led_flow_impl1_map.ncd.
Design name: led_flow
NCD version: 3.3
Vendor:      LATTICE
Device:      LCMXO2-4000HC
Package:     CSBGA132
Performance: 4
Loading device for application par from file 'xo2c4000.nph' in environment: C:/lscc/diamond/3.10_x64/ispfpga.
Package Status:                     Final          Version 1.44.
Performance Hardware Data Status:   Final          Version 34.4.
License checked out.


Ignore Preference Error(s):  True
Device utilization summary:

   PIO (prelim)   10+4(JTAG)/280     5% used
                  10+4(JTAG)/105     13% bonded

   SLICE             37/2160          1% used

   GSR                1/1           100% used


Number of Signals: 117
Number of Connections: 222

Pin Constraint Summary:
   10 out of 10 pins locked (100% locked).

The following 1 signal is selected to use the primary clock routing resources:
    clk_c (driver: clk, clk load #: 21)

    <postMsg mid="61061008" type="Warning" dynamic="5" navigation="0" arg0="clk_c" arg1="Primary" arg2="clk" arg3="C1" arg4="Primary"  />

The following 1 signal is selected to use the secondary clock routing resources:
    n208 (driver: SLICE_1, clk load #: 0, sr load #: 17, ce load #: 0)

Signal rst_c is selected as Global Set/Reset.
Starting Placer Phase 0.

Finished Placer Phase 0.  REAL time: 0 secs 

Starting Placer Phase 1.
...............
Placer score = 12480.
Finished Placer Phase 1.  REAL time: 0 secs 

Starting Placer Phase 2.
.
Placer score =  12480
Finished Placer Phase 2.  REAL time: 0 secs 


------------------ Clock Report ------------------

Global Clock Resources:
  CLK_PIN    : 0 out of 8 (0%)
  General PIO: 1 out of 280 (0%)
  PLL        : 0 out of 2 (0%)
  DCM        : 0 out of 2 (0%)
  DCC        : 0 out of 8 (0%)

Quadrants All (TL, TR, BL, BR) - Global Clocks:
  PRIMARY "clk_c" from comp "clk" on PIO site "C1 (PL4A)", clk load = 21
  SECONDARY "n208" from F1 on comp "SLICE_1" on site "R20C21A", clk load = 0, ce load = 0, sr load = 17

  PRIMARY  : 1 out of 8 (12%)
  SECONDARY: 1 out of 8 (12%)

Edge Clocks:
  No edge clock selected.

--------------- End of Clock Report ---------------


I/O Usage Summary (final):
   10 + 4(JTAG) out of 280 (5.0%) PIO sites used.
   10 + 4(JTAG) out of 105 (13.3%) bonded PIO sites used.
   Number of PIO comps: 10; differential: 0.
   Number of Vref pins used: 0.

I/O Bank Usage Summary:
+----------+---------------+------------+-----------+
| I/O Bank | Usage         | Bank Vccio | Bank Vref |
+----------+---------------+------------+-----------+
| 0        | 0 / 26 (  0%) | -          | -         |
| 1        | 3 / 26 ( 11%) | 2.5V       | -         |
| 2        | 6 / 28 ( 21%) | 2.5V       | -         |
| 3        | 0 / 7 (  0%)  | -          | -         |
| 4        | 0 / 8 (  0%)  | -          | -         |
| 5        | 1 / 10 ( 10%) | 2.5V       | -         |
+----------+---------------+------------+-----------+

Total placer CPU time: 1 secs 

Dumping design to file led_flow_impl1.dir/5_1.ncd.


-----------------------------------------------------------------
INFO - par: ASE feature is off due to non timing-driven settings.  
-----------------------------------------------------------------

0 connections routed; 222 unrouted.
Starting router resource preassignment

Completed router resource preassignment. Real time: 2 secs 

Start NBR router at 22:34:28 05/04/19

*****************************************************************
Info: NBR allows conflicts(one node used by more than one signal)
      in the earlier iterations. In each iteration, it tries to  
      solve the conflicts while keeping the critical connections 
      routed as short as possible. The routing process is said to
      be completed when no conflicts exist and all connections   
      are routed.                                                
Note: NBR uses a different method to calculate timing slacks. The
      worst slack and total negative slack may not be the same as
      that in TRCE report. You should always run TRCE to verify  
      your design.                                               
*****************************************************************

Start NBR special constraint process at 22:34:28 05/04/19

Start NBR section for initial routing at 22:34:28 05/04/19
Level 4, iteration 1
0(0.00%) conflict; 0(0.00%) untouched conn; 0 (nbr) score; real time: 2 secs 

Info: Initial congestion level at 75% usage is 0
Info: Initial congestion area  at 75% usage is 0 (0.00%)

Start NBR section for normal routing at 22:34:28 05/04/19
Level 4, iteration 1
0(0.00%) conflict; 0(0.00%) untouched conn; 0 (nbr) score; real time: 2 secs 

Start NBR section for re-routing at 22:34:28 05/04/19
Level 4, iteration 1
0(0.00%) conflict; 0(0.00%) untouched conn; 0 (nbr) score; real time: 2 secs 

Start NBR section for post-routing at 22:34:28 05/04/19

End NBR router with 0 unrouted connection

NBR Summary
-----------
  Number of unrouted connections : 0 (0.00%)
  Number of connections with timing violations : 0 (0.00%)
  Estimated worst slack<setup> : <n/a>
  Timing score<setup> : 0
-----------
Notes: The timing info is calculated for SETUP only and all PAR_ADJs are ignored.



Total CPU time 2 secs 
Total REAL time: 2 secs 
Completely routed.
End of route.  222 routed (100.00%); 0 unrouted.

Hold time timing score: 0, hold timing errors: 0

Timing score: 0 

Dumping design to file led_flow_impl1.dir/5_1.ncd.


PAR_SUMMARY::Run status = Success
PAR_SUMMARY::Number of unrouted conns = 0
PAR_SUMMARY::Worst  slack<setup/<ns>> = <n/a>
PAR_SUMMARY::Timing score<setup/<ns>> = <n/a>
PAR_SUMMARY::Worst  slack<hold /<ns>> = <n/a>
PAR_SUMMARY::Timing score<hold /<ns>> = <n/a>
PAR_SUMMARY::Number of errors = 0

Total CPU  time to completion: 2 secs 
Total REAL time to completion: 2 secs 

par done!

Copyright (c) 1991-1994 by NeoCAD Inc. All rights reserved.
Copyright (c) 1995 AT&T Corp.   All rights reserved.
Copyright (c) 1995-2001 Lucent Technologies Inc.  All rights reserved.
Copyright (c) 2001 Agere Systems   All rights reserved.
Copyright (c) 2002-2017 Lattice Semiconductor Corporation,  All rights reserved.
Exiting par with exit code 0
Exiting mpartrce with exit code 0

bitgen -f "led_flow_impl1.t2b" -w "led_flow_impl1.ncd" -jedec "led_flow_impl1.prf"


BITGEN: Bitstream Generator Diamond (64-bit) 3.10.0.111.2
Copyright (c) 1991-1994 by NeoCAD Inc. All rights reserved.
Copyright (c) 1995 AT&T Corp.   All rights reserved.
Copyright (c) 1995-2001 Lucent Technologies Inc.  All rights reserved.
Copyright (c) 2001 Agere Systems   All rights reserved.
Copyright (c) 2002-2017 Lattice Semiconductor Corporation,  All rights reserved.


Loading design for application Bitgen from file led_flow_impl1.ncd.
Design name: led_flow
NCD version: 3.3
Vendor:      LATTICE
Device:      LCMXO2-4000HC
Package:     CSBGA132
Performance: 4
Loading device for application Bitgen from file 'xo2c4000.nph' in environment: C:/lscc/diamond/3.10_x64/ispfpga.
Package Status:                     Final          Version 1.44.
Performance Hardware Data Status:   Final          Version 34.4.

Running DRC.
DRC detected 0 errors and 0 warnings.
Reading Preference File from led_flow_impl1.prf.

Preference Summary:
+---------------------------------+---------------------------------+
|  Preference                     |  Current Setting                |
+---------------------------------+---------------------------------+
|                         RamCfg  |                        Reset**  |
+---------------------------------+---------------------------------+
|                     MCCLK_FREQ  |                         2.08**  |
+---------------------------------+---------------------------------+
|                  CONFIG_SECURE  |                          OFF**  |
+---------------------------------+---------------------------------+
|                          INBUF  |                           ON**  |
+---------------------------------+---------------------------------+
|                      JTAG_PORT  |                       ENABLE**  |
+---------------------------------+---------------------------------+
|                       SDM_PORT  |                      DISABLE**  |
+---------------------------------+---------------------------------+
|                 SLAVE_SPI_PORT  |                      DISABLE**  |
+---------------------------------+---------------------------------+
|                MASTER_SPI_PORT  |                      DISABLE**  |
+---------------------------------+---------------------------------+
|                       I2C_PORT  |                      DISABLE**  |
+---------------------------------+---------------------------------+
|        MUX_CONFIGURATION_PORTS  |                      DISABLE**  |
+---------------------------------+---------------------------------+
|                  CONFIGURATION  |                          CFG**  |
+---------------------------------+---------------------------------+
|                COMPRESS_CONFIG  |                           ON**  |
+---------------------------------+---------------------------------+
|                        MY_ASSP  |                          OFF**  |
+---------------------------------+---------------------------------+
|               ONE_TIME_PROGRAM  |                          OFF**  |
+---------------------------------+---------------------------------+
|                 ENABLE_TRANSFR  |                      DISABLE**  |
+---------------------------------+---------------------------------+
|                  SHAREDEBRINIT  |                      DISABLE**  |
+---------------------------------+---------------------------------+
|            BACKGROUND_RECONFIG  |                          OFF**  |
+---------------------------------+---------------------------------+
 *  Default setting.
 ** The specified setting matches the default setting.


Creating bit map...
 
Bitstream Status: Final           Version 1.94.
 
Saving bit stream in "led_flow_impl1.jed".
 
===========
UFM Summary.
===========
UFM Size:        767 Pages (128*767 Bits).
UFM Utilization: General Purpose Flash Memory.
 
Available General Purpose Flash Memory:  767 Pages (Page 0 to Page 766).
Initialized UFM Pages:                     0 Page.
 
